\BOOKMARK [1][-]{section.1}{\376\377\000L\000o\000g\000i\000c\000\040\000a\000n\000d\000\040\000P\000r\000o\000o\000f\000s}{}% 1
\BOOKMARK [2][-]{subsection.1.1}{\376\377\000P\000r\000o\000p\000o\000s\000i\000t\000i\000o\000n\000a\000l\000\040\000L\000o\000g\000i\000c}{section.1}% 2
\BOOKMARK [3][-]{subsubsection.1.1.2}{\376\377\000P\000r\000o\000p\000o\000s\000i\000t\000i\000o\000n\000s}{subsection.1.1}% 3
\BOOKMARK [3][-]{subsubsection.1.1.3}{\376\377\000C\000o\000n\000d\000i\000t\000i\000o\000n\000a\000l\000\040\000S\000t\000a\000t\000e\000m\000e\000n\000t\000s}{subsection.1.1}% 4
\BOOKMARK [3][-]{subsubsection.1.1.5}{\376\377\000P\000r\000e\000c\000e\000d\000e\000n\000c\000e\000\040\000o\000f\000\040\000L\000o\000g\000i\000c\000a\000l\000\040\000O\000p\000e\000r\000a\000t\000o\000r\000s}{subsection.1.1}% 5
\BOOKMARK [2][-]{subsection.1.3}{\376\377\000P\000r\000o\000p\000o\000s\000i\000t\000i\000o\000n\000a\000l\000\040\000E\000q\000u\000i\000v\000a\000l\000e\000n\000c\000e\000s}{section.1}% 6
\BOOKMARK [3][-]{subsubsection.1.3.1}{\376\377\000I\000n\000t\000r\000o\000d\000u\000c\000t\000i\000o\000n}{subsection.1.3}% 7
\BOOKMARK [3][-]{subsubsection.1.3.2}{\376\377\000L\000o\000g\000i\000c\000a\000l\000\040\000E\000q\000u\000i\000v\000a\000l\000e\000n\000c\000e\000s}{subsection.1.3}% 8
\BOOKMARK [3][-]{subsubsection.1.3.5}{\376\377\000S\000a\000t\000i\000s\000f\000i\000a\000b\000i\000l\000i\000t\000y}{subsection.1.3}% 9
\BOOKMARK [2][-]{subsection.1.4}{\376\377\000P\000r\000e\000d\000i\000c\000a\000t\000e\000s\000\040\000a\000n\000d\000\040\000Q\000u\000a\000n\000t\000i\000f\000i\000e\000r\000s}{section.1}% 10
\BOOKMARK [3][-]{subsubsection.1.4.2}{\376\377\000P\000r\000e\000d\000i\000c\000a\000t\000e\000s}{subsection.1.4}% 11
\BOOKMARK [3][-]{subsubsection.1.4.3}{\376\377\000Q\000u\000a\000n\000t\000i\000f\000i\000e\000r\000s}{subsection.1.4}% 12
\BOOKMARK [3][-]{subsubsection.1.4.4}{\376\377\000Q\000u\000a\000n\000t\000i\000f\000i\000e\000r\000s\000\040\000O\000v\000e\000r\000\040\000F\000i\000n\000i\000t\000e\000\040\000D\000o\000m\000a\000i\000n\000s}{subsection.1.4}% 13
\BOOKMARK [3][-]{subsubsection.1.4.6}{\376\377\000P\000r\000e\000c\000e\000d\000e\000n\000c\000e\000\040\000o\000f\000\040\000Q\000u\000a\000n\000t\000i\000f\000i\000e\000r\000s}{subsection.1.4}% 14
\BOOKMARK [3][-]{subsubsection.1.4.8}{\376\377\000N\000e\000g\000a\000t\000i\000n\000g\000\040\000Q\000u\000a\000n\000t\000i\000f\000i\000e\000d\000\040\000E\000x\000p\000r\000e\000s\000s\000i\000o\000n\000s}{subsection.1.4}% 15
\BOOKMARK [2][-]{subsection.1.5}{\376\377\000N\000e\000s\000t\000e\000d\000\040\000Q\000u\000a\000n\000t\000i\000f\000i\000e\000r\000s}{section.1}% 16
\BOOKMARK [2][-]{subsection.1.6}{\376\377\000R\000u\000l\000e\000s\000\040\000o\000f\000\040\000I\000n\000f\000e\000r\000e\000n\000c\000e}{section.1}% 17
\BOOKMARK [2][-]{subsection.1.7}{\376\377\000I\000n\000t\000r\000o\000d\000u\000c\000t\000i\000o\000n\000\040\000t\000o\000\040\000P\000r\000o\000o\000f\000s}{section.1}% 18
\BOOKMARK [3][-]{subsubsection.1.7.5}{\376\377\000D\000i\000r\000e\000c\000t\000\040\000P\000r\000o\000o\000f\000s}{subsection.1.7}% 19
\BOOKMARK [3][-]{subsubsection.1.7.6}{\376\377\000P\000r\000o\000o\000f\000\040\000b\000y\000\040\000C\000o\000n\000t\000r\000a\000p\000o\000s\000i\000t\000i\000o\000n}{subsection.1.7}% 20
\BOOKMARK [3][-]{subsubsection.1.7.7}{\376\377\000P\000r\000o\000o\000f\000\040\000b\000y\000\040\000C\000o\000n\000t\000r\000a\000d\000i\000c\000t\000i\000o\000n}{subsection.1.7}% 21
\BOOKMARK [2][-]{subsection.1.8}{\376\377\000P\000r\000o\000o\000f\000\040\000M\000e\000t\000h\000o\000d\000s\000\040\000a\000n\000d\000\040\000S\000t\000r\000a\000t\000e\000g\000y}{section.1}% 22
\BOOKMARK [3][-]{subsubsection.1.8.2}{\376\377\000E\000x\000h\000a\000u\000s\000t\000i\000v\000e\000\040\000P\000r\000o\000o\000f\000\040\000a\000n\000d\000\040\000P\000r\000o\000o\000f\000\040\000b\000y\000\040\000C\000a\000s\000e\000s}{subsection.1.8}% 23
\BOOKMARK [1][-]{section.2}{\376\377\000B\000a\000s\000i\000c\000\040\000S\000t\000r\000u\000c\000t\000u\000r\000e\000s}{}% 24
\BOOKMARK [2][-]{subsection.2.1}{\376\377\000S\000e\000t\000s}{section.2}% 25
\BOOKMARK [3][-]{subsubsection.2.1.1}{\376\377\000I\000n\000t\000r\000o\000d\000u\000c\000t\000i\000o\000n}{subsection.2.1}% 26
\BOOKMARK [3][-]{subsubsection.2.1.3}{\376\377\000S\000u\000b\000s\000e\000t\000s}{subsection.2.1}% 27
\BOOKMARK [3][-]{subsubsection.2.1.4}{\376\377\000S\000i\000z\000e\000\040\000o\000f\000\040\000a\000\040\000S\000e\000t}{subsection.2.1}% 28
\BOOKMARK [3][-]{subsubsection.2.1.5}{\376\377\000P\000o\000w\000e\000r\000\040\000S\000e\000t\000s}{subsection.2.1}% 29
\BOOKMARK [3][-]{subsubsection.2.1.6}{\376\377\000C\000a\000r\000t\000e\000s\000i\000a\000n\000\040\000P\000r\000o\000d\000u\000c\000t\000s}{subsection.2.1}% 30
\BOOKMARK [2][-]{subsection.2.2}{\376\377\000S\000e\000t\000\040\000O\000p\000e\000r\000a\000t\000i\000o\000n\000s}{section.2}% 31
\BOOKMARK [3][-]{subsubsection.2.2.1}{\376\377\000I\000n\000t\000r\000o\000d\000u\000c\000t\000i\000o\000n}{subsection.2.2}% 32
\BOOKMARK [3][-]{subsubsection.2.2.2}{\376\377\000S\000e\000t\000\040\000I\000d\000e\000n\000t\000i\000t\000i\000e\000s}{subsection.2.2}% 33
\BOOKMARK [3][-]{subsubsection.2.2.3}{\376\377\000G\000e\000n\000e\000r\000a\000l\000i\000z\000e\000d\000\040\000U\000n\000i\000o\000n\000s\000\040\000a\000n\000d\000\040\000I\000n\000t\000e\000r\000s\000e\000c\000t\000i\000o\000n\000s}{subsection.2.2}% 34
\BOOKMARK [2][-]{subsection.2.3}{\376\377\000F\000u\000n\000c\000t\000i\000o\000n\000s}{section.2}% 35
\BOOKMARK [3][-]{subsubsection.2.3.1}{\376\377\000I\000n\000t\000r\000o\000d\000u\000c\000t\000i\000o\000n}{subsection.2.3}% 36
\BOOKMARK [3][-]{subsubsection.2.3.2}{\376\377\000O\000n\000e\000-\000t\000o\000-\000O\000n\000e\000\040\000a\000n\000d\000\040\000O\000n\000t\000o\000\040\000F\000u\000n\000c\000t\000i\000o\000n\000s}{subsection.2.3}% 37
\BOOKMARK [3][-]{subsubsection.2.3.3}{\376\377\000I\000n\000v\000e\000r\000s\000e\000\040\000F\000u\000n\000c\000t\000i\000o\000n\000s\000\040\000a\000n\000d\000\040\000C\000o\000m\000p\000o\000s\000i\000t\000e\000\040\000F\000u\000n\000c\000t\000i\000o\000n\000s}{subsection.2.3}% 38
\BOOKMARK [3][-]{subsubsection.2.3.5}{\376\377\000S\000o\000m\000e\000\040\000I\000m\000p\000o\000r\000t\000a\000n\000t\000\040\000F\000u\000n\000c\000t\000i\000o\000n\000s}{subsection.2.3}% 39
\BOOKMARK [2][-]{subsection.2.4}{\376\377\000S\000e\000q\000u\000e\000n\000c\000e\000s\000\040\000a\000n\000d\000\040\000S\000u\000m\000m\000a\000t\000i\000o\000n\000s}{section.2}% 40
\BOOKMARK [3][-]{subsubsection.2.4.2}{\376\377\000S\000e\000q\000u\000e\000n\000c\000e\000s}{subsection.2.4}% 41
\BOOKMARK [3][-]{subsubsection.2.4.3}{\376\377\000R\000e\000c\000u\000r\000s\000i\000v\000e\000\040\000R\000e\000l\000a\000t\000i\000o\000n\000s}{subsection.2.4}% 42
\BOOKMARK [3][-]{subsubsection.2.4.5}{\376\377\000S\000u\000m\000m\000a\000t\000i\000o\000n\000s}{subsection.2.4}% 43
\BOOKMARK [2][-]{subsection.2.5}{\376\377\000C\000a\000r\000d\000i\000n\000a\000l\000i\000t\000y\000\040\000o\000f\000\040\000S\000e\000t\000s}{section.2}% 44
\BOOKMARK [3][-]{subsubsection.2.5.1}{\376\377\000I\000n\000t\000r\000o\000d\000u\000c\000t\000i\000o\000n}{subsection.2.5}% 45
\BOOKMARK [3][-]{subsubsection.2.5.2}{\376\377\000C\000o\000u\000n\000t\000a\000b\000l\000e\000\040\000S\000e\000t\000s}{subsection.2.5}% 46
\BOOKMARK [3][-]{subsubsection.2.5.3}{\376\377\000U\000n\000c\000o\000u\000n\000t\000a\000b\000l\000e\000\040\000S\000e\000t\000s}{subsection.2.5}% 47
\BOOKMARK [2][-]{subsection.2.6}{\376\377\000M\000a\000t\000r\000i\000c\000e\000s}{section.2}% 48
\BOOKMARK [1][-]{section.4}{\376\377\000N\000u\000m\000b\000e\000r\000\040\000T\000h\000e\000o\000r\000y}{}% 49
\BOOKMARK [2][-]{subsection.4.1}{\376\377\000D\000i\000v\000i\000s\000i\000b\000i\000l\000i\000t\000y\000\040\000a\000n\000d\000\040\000M\000o\000d\000u\000l\000a\000r\000\040\000A\000r\000i\000t\000h\000m\000e\000t\000i\000c}{section.4}% 50
\BOOKMARK [2][-]{subsection.4.2}{\376\377\000I\000n\000t\000e\000g\000e\000r\000\040\000R\000e\000p\000r\000e\000s\000e\000n\000t\000a\000t\000i\000o\000n\000s\000\040\000a\000n\000d\000\040\000A\000l\000g\000o\000r\000i\000t\000h\000m\000s}{section.4}% 51
\BOOKMARK [2][-]{subsection.4.3}{\376\377\000P\000r\000i\000m\000e\000s\000\040\000a\000n\000d\000\040\000G\000r\000e\000a\000t\000e\000s\000t\000\040\000C\000o\000m\000m\000o\000n\000\040\000D\000i\000v\000i\000s\000o\000r\000s}{section.4}% 52
\BOOKMARK [2][-]{subsection.4.4}{\376\377\000S\000o\000l\000v\000i\000n\000g\000\040\000C\000o\000n\000g\000r\000u\000e\000n\000c\000e\000s}{section.4}% 53
\BOOKMARK [2][-]{subsection.4.5}{\376\377\000A\000p\000p\000l\000i\000c\000a\000t\000i\000o\000n\000s\000\040\000o\000f\000\040\000C\000o\000n\000g\000r\000u\000e\000n\000c\000e\000s}{section.4}% 54
\BOOKMARK [1][-]{section.5}{\376\377\000I\000n\000d\000u\000c\000t\000i\000o\000n\000\040\000a\000n\000d\000\040\000R\000e\000c\000u\000r\000s\000i\000o\000n}{}% 55
\BOOKMARK [2][-]{subsection.5.1}{\376\377\000M\000a\000t\000h\000e\000m\000a\000t\000i\000c\000a\000l\000\040\000I\000n\000d\000u\000c\000t\000i\000o\000n}{section.5}% 56
\BOOKMARK [2][-]{subsection.5.2}{\376\377\000S\000t\000r\000o\000n\000g\000\040\000I\000n\000d\000u\000c\000t\000i\000o\000n\000\040\000a\000n\000d\000\040\000W\000e\000l\000l\000\040\000O\000r\000d\000e\000r\000i\000n\000g\000\040\000P\000r\000i\000n\000c\000i\000p\000l\000e}{section.5}% 57
\BOOKMARK [1][-]{section.6}{\376\377\000C\000o\000u\000n\000t\000i\000n\000g}{}% 58
\BOOKMARK [2][-]{subsection.6.1}{\376\377\000B\000a\000s\000i\000c\000s\000\040\000o\000f\000\040\000C\000o\000u\000n\000t\000i\000n\000g}{section.6}% 59
\BOOKMARK [3][-]{subsubsection.6.1.2}{\376\377\000B\000a\000s\000i\000c\000\040\000C\000o\000u\000n\000t\000i\000n\000g\000\040\000P\000r\000i\000n\000c\000i\000p\000l\000e\000s}{subsection.6.1}% 60
\BOOKMARK [3][-]{subsubsection.6.1.5}{\376\377\000S\000u\000b\000t\000r\000a\000c\000t\000i\000o\000n\000\040\000R\000u\000l\000e\000\040\000\050\000I\000n\000c\000l\000u\000s\000i\000o\000n\000-\000E\000x\000c\000l\000u\000s\000i\000o\000n\000\040\000F\000o\000r\000\040\000T\000w\000o\000\040\000S\000e\000t\000s\000\051}{subsection.6.1}% 61
\BOOKMARK [3][-]{subsubsection.6.1.6}{\376\377\000D\000i\000v\000i\000s\000i\000o\000n\000\040\000R\000u\000l\000e}{subsection.6.1}% 62
\BOOKMARK [2][-]{subsection.6.2}{\376\377\000P\000i\000g\000e\000o\000n\000h\000o\000l\000e\000\040\000P\000r\000i\000n\000c\000i\000p\000l\000e}{section.6}% 63
\BOOKMARK [3][-]{subsubsection.6.2.1}{\376\377\000I\000n\000t\000r\000o\000d\000u\000c\000t\000i\000o\000n}{subsection.6.2}% 64
\BOOKMARK [3][-]{subsubsection.6.2.2}{\376\377\000G\000e\000n\000e\000r\000a\000l\000i\000z\000e\000d\000\040\000P\000i\000g\000e\000o\000n\000h\000o\000l\000e\000\040\000P\000r\000i\000n\000c\000i\000p\000l\000e}{subsection.6.2}% 65
\BOOKMARK [3][-]{subsubsection.6.2.3}{\376\377\000S\000o\000m\000e\000\040\000E\000l\000e\000g\000a\000n\000t\000\040\000A\000p\000p\000l\000i\000c\000a\000t\000i\000o\000n\000s\000\040\000o\000f\000\040\000t\000h\000e\000\040\000P\000i\000g\000e\000o\000n\000h\000o\000l\000e\000\040\000P\000r\000i\000n\000c\000i\000p\000l\000e}{subsection.6.2}% 66
\BOOKMARK [2][-]{subsection.6.3}{\376\377\000P\000e\000r\000m\000u\000t\000a\000t\000i\000o\000n\000s\000\040\000a\000n\000d\000\040\000C\000o\000m\000b\000i\000n\000a\000t\000i\000o\000n\000s}{section.6}% 67
\BOOKMARK [3][-]{subsubsection.6.3.2}{\376\377\000P\000e\000r\000m\000u\000t\000a\000t\000i\000o\000n\000s}{subsection.6.3}% 68
\BOOKMARK [3][-]{subsubsection.6.3.3}{\376\377\000C\000o\000m\000b\000i\000n\000a\000t\000i\000o\000n\000s}{subsection.6.3}% 69
\BOOKMARK [2][-]{subsection.6.4}{\376\377\000B\000i\000n\000o\000m\000i\000a\000l\000\040\000C\000o\000e\000f\000f\000i\000c\000i\000e\000n\000t\000s\000\040\000a\000n\000d\000\040\000I\000d\000e\000n\000t\000i\000t\000i\000e\000s}{section.6}% 70
\BOOKMARK [3][-]{subsubsection.6.4.1}{\376\377\000B\000i\000n\000o\000m\000i\000a\000l\000\040\000T\000h\000e\000o\000r\000e\000m}{subsection.6.4}% 71
\BOOKMARK [3][-]{subsubsection.6.4.2}{\376\377\000P\000a\000s\000c\000a\000l\000'\000s\000\040\000I\000d\000e\000n\000t\000i\000t\000y}{subsection.6.4}% 72
\BOOKMARK [3][-]{subsubsection.6.4.3}{\376\377\000O\000t\000h\000e\000r\000\040\000I\000d\000e\000n\000t\000i\000t\000i\000e\000s\000\040\000I\000n\000v\000o\000l\000v\000i\000n\000g\000\040\000B\000i\000n\000o\000m\000i\000a\000l\000\040\000C\000o\000e\000f\000f\000i\000c\000i\000e\000n\000t\000s}{subsection.6.4}% 73
\BOOKMARK [2][-]{subsection.6.5}{\376\377\000G\000e\000n\000e\000r\000a\000l\000i\000z\000e\000d\000\040\000P\000e\000r\000m\000u\000t\000a\000t\000i\000o\000n\000s\000\040\000a\000n\000d\000\040\000C\000o\000m\000b\000i\000n\000a\000t\000i\000o\000n\000s}{section.6}% 74
\BOOKMARK [3][-]{subsubsection.6.5.2}{\376\377\000P\000e\000r\000m\000u\000t\000a\000t\000i\000o\000n\000s\000\040\000w\000i\000t\000h\000\040\000R\000e\000p\000e\000t\000i\000t\000i\000o\000n}{subsection.6.5}% 75
\BOOKMARK [3][-]{subsubsection.6.5.3}{\376\377\000C\000o\000m\000b\000i\000n\000a\000t\000i\000o\000n\000s\000\040\000w\000i\000t\000h\000\040\000R\000e\000p\000e\000t\000i\000t\000i\000o\000n}{subsection.6.5}% 76
\BOOKMARK [3][-]{subsubsection.6.5.4}{\376\377\000P\000e\000r\000m\000u\000t\000a\000t\000i\000o\000n\000s\000\040\000w\000i\000t\000h\000\040\000I\000n\000d\000i\000s\000t\000i\000n\000g\000u\000i\000s\000h\000a\000b\000l\000e\000\040\000O\000b\000j\000e\000c\000t\000s}{subsection.6.5}% 77
\BOOKMARK [3][-]{subsubsection.6.5.5}{\376\377\000D\000i\000s\000t\000r\000i\000b\000u\000t\000i\000n\000g\000\040\000O\000b\000j\000e\000c\000t\000s\000\040\000i\000n\000t\000o\000\040\000B\000o\000x\000e\000s}{subsection.6.5}% 78
\BOOKMARK [1][-]{section.7}{\376\377\000P\000r\000o\000b\000a\000b\000i\000l\000i\000t\000y}{}% 79
\BOOKMARK [2][-]{subsection.7.1}{\376\377\000I\000n\000t\000r\000o\000d\000u\000c\000t\000i\000o\000n\000\040\000t\000o\000\040\000D\000i\000s\000c\000r\000e\000t\000e\000\040\000P\000r\000o\000b\000a\000b\000i\000l\000i\000t\000y}{section.7}% 80
\BOOKMARK [2][-]{subsection.7.2}{\376\377\000P\000r\000o\000b\000a\000b\000i\000l\000i\000t\000y\000\040\000T\000h\000e\000o\000r\000y}{section.7}% 81
\BOOKMARK [2][-]{subsection.7.3}{\376\377\000B\000a\000y\000e\000s\000'\000\040\000T\000h\000e\000o\000r\000e\000m}{section.7}% 82
\BOOKMARK [2][-]{subsection.7.4}{\376\377\000E\000x\000p\000e\000c\000t\000e\000d\000\040\000V\000a\000l\000u\000e\000\040\000a\000n\000d\000\040\000V\000a\000r\000i\000a\000n\000c\000e}{section.7}% 83
\BOOKMARK [3][-]{subsubsection.7.4.2}{\376\377\000E\000x\000p\000e\000c\000t\000e\000d\000\040\000V\000a\000l\000u\000e\000s}{subsection.7.4}% 84
\BOOKMARK [3][-]{subsubsection.7.4.3}{\376\377\000L\000i\000n\000e\000a\000r\000i\000t\000y\000\040\000o\000f\000\040\000E\000x\000p\000e\000c\000t\000a\000t\000i\000o\000n\000s}{subsection.7.4}% 85
\BOOKMARK [3][-]{subsubsection.7.4.5}{\376\377\000G\000e\000o\000m\000e\000t\000r\000i\000c\000\040\000D\000i\000s\000t\000r\000i\000b\000u\000t\000i\000o\000n}{subsection.7.4}% 86
\BOOKMARK [3][-]{subsubsection.7.4.6}{\376\377\000I\000n\000d\000e\000p\000e\000n\000d\000e\000n\000t\000\040\000R\000a\000n\000d\000o\000m\000\040\000V\000a\000r\000i\000a\000b\000l\000e\000s}{subsection.7.4}% 87
\BOOKMARK [3][-]{subsubsection.7.4.7}{\376\377\000V\000a\000r\000i\000a\000n\000c\000e}{subsection.7.4}% 88
